#
# A fatal error has been detected by the Java Runtime Environment:
#
#  Internal Error (javaCalls.cpp:51), pid=16804, tid=0x000000000000327c
#  guarantee(thread->is_Java_thread()) failed: crucial check - the VM thread cannot and must not escape to Java code
#
# JRE version: Java(TM) SE Runtime Environment (8.0_241-b07) (build 1.8.0_241-b07)
# Java VM: Java HotSpot(TM) 64-Bit Server VM (25.241-b07 mixed mode windows-amd64 compressed oops)
# Failed to write core dump. Minidumps are not enabled by default on client versions of Windows
#
# If you would like to submit a bug report, please visit:
#   http://bugreport.java.com/bugreport/crash.jsp
#

---------------  T H R E A D  ---------------

Current thread (0x000000001c806800):  VMThread [stack: 0x000000001ef50000,0x000000001f050000] [id=12924]

Stack: [0x000000001ef50000,0x000000001f050000]
[error occurred during error reporting (printing stack bounds), id 0xc0000005]

Native frames: (J=compiled Java code, j=interpreted, Vv=VM code, C=native code)

VM_Operation (0x000000001f98f3f0): GetOrSetLocal, mode: safepoint, requested by thread 0x000000001defa800


---------------  P R O C E S S  ---------------

Java Threads: ( => current thread )
  0x000000001e075000 JavaThread "Service Thread" daemon [_thread_blocked, id=4604, stack(0x000000001ff90000,0x0000000020090000)]
  0x000000001dfef000 JavaThread "C1 CompilerThread3" daemon [_thread_blocked, id=17036, stack(0x000000001fe90000,0x000000001ff90000)]
  0x000000001dfee800 JavaThread "C2 CompilerThread2" daemon [_thread_blocked, id=6916, stack(0x000000001fd90000,0x000000001fe90000)]
  0x000000001dfe9800 JavaThread "C2 CompilerThread1" daemon [_thread_blocked, id=9556, stack(0x000000001fc90000,0x000000001fd90000)]
  0x000000001dfe8000 JavaThread "C2 CompilerThread0" daemon [_thread_blocked, id=14204, stack(0x000000001fb90000,0x000000001fc90000)]
  0x000000001df0c000 JavaThread "JDWP Command Reader" daemon [_thread_in_native, id=13572, stack(0x000000001fa90000,0x000000001fb90000)]
  0x000000001df05000 JavaThread "JDWP Event Helper Thread" daemon [_thread_blocked, id=11148, stack(0x000000001f990000,0x000000001fa90000)]
  0x000000001defa800 JavaThread "JDWP Transport Listener: dt_socket" daemon [_thread_blocked, id=15184, stack(0x000000001f890000,0x000000001f990000)]
  0x000000001deee800 JavaThread "Attach Listener" daemon [_thread_blocked, id=6860, stack(0x000000001f450000,0x000000001f550000)]
  0x000000001deed800 JavaThread "Signal Dispatcher" daemon [_thread_blocked, id=3800, stack(0x000000001f350000,0x000000001f450000)]
  0x000000001dee3000 JavaThread "Finalizer" daemon [_thread_blocked, id=6740, stack(0x000000001f150000,0x000000001f250000)]
  0x000000001c80d000 JavaThread "Reference Handler" daemon [_thread_blocked, id=8680, stack(0x000000001f050000,0x000000001f150000)]
  0x0000000002b22800 JavaThread "main" [_thread_blocked, id=15004, stack(0x0000000002850000,0x0000000002950000)]

Other Threads:
=>0x000000001c806800 VMThread [stack: 0x000000001ef50000,0x000000001f050000] [id=12924]
  0x000000001e0f5000 WatcherThread [stack: 0x0000000020090000,0x0000000020190000] [id=2300]

VM state:at safepoint (normal execution)

VM Mutex/Monitor currently owned by a thread:  ([mutex/lock_event])
[0x0000000000fcd2e0] Threads_lock - owner thread: 0x000000001c806800

heap address: 0x00000006c2000000, size: 4064 MB, Compressed Oops mode: Zero based, Oop shift amount: 3
Narrow klass base: 0x0000000000000000, Narrow klass shift: 3
Compressed class space size: 1073741824 Address: 0x00000007c0000000

Heap:
 PSYoungGen      total 75776K, used 19599K [0x000000076b580000, 0x0000000770a00000, 0x00000007c0000000)
  eden space 65024K, 30% used [0x000000076b580000,0x000000076c8a3cf8,0x000000076f500000)
  from space 10752K, 0% used [0x000000076ff80000,0x000000076ff80000,0x0000000770a00000)
  to   space 10752K, 0% used [0x000000076f500000,0x000000076f500000,0x000000076ff80000)
 ParOldGen       total 173568K, used 0K [0x00000006c2000000, 0x00000006cc980000, 0x000000076b580000)
  object space 173568K, 0% used [0x00000006c2000000,0x00000006c2000000,0x00000006cc980000)
 Metaspace       used 8627K, capacity 8816K, committed 8960K, reserved 1056768K
  class space    used 913K, capacity 1000K, committed 1024K, reserved 1048576K

Card table byte_map: [0x0000000011fe0000,0x00000000127e0000] byte_map_base: 0x000000000e9d0000

Marking Bits: (ParMarkBitMap*) 0x0000000062ecbe30
 Begin Bits: [0x0000000013730000, 0x00000000176b0000)
 End Bits:   [0x00000000176b0000, 0x000000001b630000)

Polling page: 0x0000000000f80000

CodeCache: size=245760Kb used=2637Kb max_used=2637Kb free=243122Kb
 bounds [0x0000000002c20000, 0x0000000002ec0000, 0x0000000011c20000]
 total_blobs=853 nmethods=510 adapters=264
 compilation: enabled

Compilation events (10 events):
Event: 39.386 Thread 0x000000001dfef000  505       3       java.io.WinNTFileSystem::prefixLength (91 bytes)
Event: 39.386 Thread 0x000000001dfef000 nmethod 505 0x0000000002eb1450 code [0x0000000002eb1660, 0x0000000002eb2208]
Event: 39.388 Thread 0x000000001dfef000  507       3       java.lang.StringCoding::scale (7 bytes)
Event: 39.388 Thread 0x000000001dfef000 nmethod 507 0x0000000002eb2950 code [0x0000000002eb2aa0, 0x0000000002eb2c10]
Event: 39.388 Thread 0x000000001dfef000  508       3       java.nio.charset.CharsetDecoder::reset (11 bytes)
Event: 39.388 Thread 0x000000001dfef000 nmethod 508 0x0000000002eb2c90 code [0x0000000002eb2de0, 0x0000000002eb3010]
Event: 46.625 Thread 0x000000001dfef000  510       3       java.nio.Buffer::position (43 bytes)
Event: 46.626 Thread 0x000000001dfef000 nmethod 510 0x0000000002eb30d0 code [0x0000000002eb3240, 0x0000000002eb3528]
Event: 46.626 Thread 0x000000001dfef000  509       3       sun.nio.cs.SingleByte$Encoder::encode (32 bytes)
Event: 46.626 Thread 0x000000001dfef000 nmethod 509 0x0000000002eb3610 code [0x0000000002eb3780, 0x0000000002eb3990]

GC Heap History (0 events):
No events

Deoptimization events (3 events):
Event: 39.281 Thread 0x0000000002b22800 Uncommon trap: reason=unstable_if action=reinterpret pc=0x0000000002d9a91c method=org.eclipse.jdt.launching.internal.org.objectweb.asm.ClassReader.readUTF8(I[C)Ljava/lang/String; @ 7
Event: 39.384 Thread 0x0000000002b22800 Uncommon trap: reason=unstable_if action=reinterpret pc=0x0000000002da6008 method=org.eclipse.jdt.launching.internal.org.objectweb.asm.ClassReader.readUtf(II[C)Ljava/lang/String; @ 41
Event: 39.384 Thread 0x0000000002b22800 Uncommon trap: reason=unstable_if action=reinterpret pc=0x0000000002d94630 method=org.eclipse.jdt.launching.internal.org.objectweb.asm.ClassReader.readUtf(II[C)Ljava/lang/String; @ 41

Classes redefined (1 events):
Event: 485.637 Thread 0x000000001c806800 redefined class name=customer, count=1

Internal exceptions (10 events):
Event: 0.038 Thread 0x0000000002b22800 Exception <a 'java/lang/NoSuchMethodError': Method sun.misc.Unsafe.defineClass(Ljava/lang/String;[BII)Ljava/lang/Class; name or signature does not match> (0x000000076b587cc0) thrown at [C:\ade\jenkins\workspace\8-2-build-windows-amd64-cygwin\jdk8u241\331\
Event: 0.038 Thread 0x0000000002b22800 Exception <a 'java/lang/NoSuchMethodError': Method sun.misc.Unsafe.prefetchRead(Ljava/lang/Object;J)V name or signature does not match> (0x000000076b587fa8) thrown at [C:\ade\jenkins\workspace\8-2-build-windows-amd64-cygwin\jdk8u241\331\hotspot\src\share\
Event: 0.284 Thread 0x0000000002b22800 Exception <a 'java/security/PrivilegedActionException'> (0x000000076bcb3448) thrown at [C:\ade\jenkins\workspace\8-2-build-windows-amd64-cygwin\jdk8u241\331\hotspot\src\share\vm\prims\jvm.cpp, line 1502]
Event: 0.284 Thread 0x0000000002b22800 Exception <a 'java/security/PrivilegedActionException'> (0x000000076bcb3840) thrown at [C:\ade\jenkins\workspace\8-2-build-windows-amd64-cygwin\jdk8u241\331\hotspot\src\share\vm\prims\jvm.cpp, line 1502]
Event: 0.284 Thread 0x0000000002b22800 Exception <a 'java/security/PrivilegedActionException'> (0x000000076bcb7698) thrown at [C:\ade\jenkins\workspace\8-2-build-windows-amd64-cygwin\jdk8u241\331\hotspot\src\share\vm\prims\jvm.cpp, line 1502]
Event: 0.284 Thread 0x0000000002b22800 Exception <a 'java/security/PrivilegedActionException'> (0x000000076bcb7a90) thrown at [C:\ade\jenkins\workspace\8-2-build-windows-amd64-cygwin\jdk8u241\331\hotspot\src\share\vm\prims\jvm.cpp, line 1502]
Event: 39.290 Thread 0x0000000002b22800 Exception <a 'java/lang/NoClassDefFoundError': com/sun/jna/Platform> (0x000000076bfe4b80) thrown at [C:\ade\jenkins\workspace\8-2-build-windows-amd64-cygwin\jdk8u241\331\hotspot\src\share\vm\classfile\systemDictionary.cpp, line 199]
Event: 39.311 Thread 0x0000000002b22800 Exception <a 'java/lang/NoSuchFieldError': method resolution failed> (0x000000076c1083e0) thrown at [C:\ade\jenkins\workspace\8-2-build-windows-amd64-cygwin\jdk8u241\331\hotspot\src\share\vm\prims\methodHandles.cpp, line 1167]
Event: 39.316 Thread 0x0000000002b22800 Exception <a 'java/lang/NoSuchFieldError': method resolution failed> (0x000000076c116370) thrown at [C:\ade\jenkins\workspace\8-2-build-windows-amd64-cygwin\jdk8u241\331\hotspot\src\share\vm\prims\methodHandles.cpp, line 1167]
Event: 39.360 Thread 0x0000000002b22800 Exception <a 'java/lang/NoClassDefFoundError': com/sun/jna/Platform> (0x000000076c539b40) thrown at [C:\ade\jenkins\workspace\8-2-build-windows-amd64-cygwin\jdk8u241\331\hotspot\src\share\vm\classfile\systemDictionary.cpp, line 199]

Events (10 events):
Event: 485.653 Executing VM operation: GetCurrentContendedMonitor done
Event: 485.653 Executing VM operation: GetOwnedMonitorInfo
Event: 485.653 Executing VM operation: GetOwnedMonitorInfo done
Event: 485.654 Executing VM operation: GetCurrentContendedMonitor
Event: 485.654 Executing VM operation: GetCurrentContendedMonitor done
Event: 485.654 Executing VM operation: GetCurrentContendedMonitor
Event: 485.654 Executing VM operation: GetCurrentContendedMonitor done
Event: 485.654 Executing VM operation: GetOwnedMonitorInfo
Event: 485.654 Executing VM operation: GetOwnedMonitorInfo done
Event: 485.677 Executing VM operation: GetOrSetLocal


Dynamic libraries:
0x00007ff60a870000 - 0x00007ff60a8a7000 	C:\Program Files\Java\jre1.8.0_241\bin\javaw.exe
0x00007ff8e3020000 - 0x00007ff8e3210000 	C:\WINDOWS\SYSTEM32\ntdll.dll
0x00007ff8e1840000 - 0x00007ff8e18f2000 	C:\WINDOWS\System32\KERNEL32.DLL
0x00007ff8e0340000 - 0x00007ff8e05e4000 	C:\WINDOWS\System32\KERNELBASE.dll
0x00007ff8e2630000 - 0x00007ff8e26d3000 	C:\WINDOWS\System32\ADVAPI32.dll
0x00007ff8e1740000 - 0x00007ff8e17de000 	C:\WINDOWS\System32\msvcrt.dll
0x00007ff8e16a0000 - 0x00007ff8e1737000 	C:\WINDOWS\System32\sechost.dll
0x00007ff8e23d0000 - 0x00007ff8e24f0000 	C:\WINDOWS\System32\RPCRT4.dll
0x00007ff8e1980000 - 0x00007ff8e1b14000 	C:\WINDOWS\System32\USER32.dll
0x00007ff8e08b0000 - 0x00007ff8e08d1000 	C:\WINDOWS\System32\win32u.dll
0x00007ff8e1b20000 - 0x00007ff8e1b46000 	C:\WINDOWS\System32\GDI32.dll
0x00007ff8e01a0000 - 0x00007ff8e0336000 	C:\WINDOWS\System32\gdi32full.dll
0x00007ff8e07c0000 - 0x00007ff8e085e000 	C:\WINDOWS\System32\msvcp_win.dll
0x00007ff8e05f0000 - 0x00007ff8e06ea000 	C:\WINDOWS\System32\ucrtbase.dll
0x00007ff8d5060000 - 0x00007ff8d52e4000 	C:\WINDOWS\WinSxS\amd64_microsoft.windows.common-controls_6595b64144ccf1df_6.0.18362.959_none_e6c7bbbf130c62bb\COMCTL32.dll
0x00007ff8e11a0000 - 0x00007ff8e14d5000 	C:\WINDOWS\System32\combase.dll
0x00007ff8e0120000 - 0x00007ff8e01a0000 	C:\WINDOWS\System32\bcryptPrimitives.dll
0x00007ff8e2810000 - 0x00007ff8e283e000 	C:\WINDOWS\System32\IMM32.DLL
0x00000000625c0000 - 0x0000000062692000 	C:\Program Files\Java\jre1.8.0_241\bin\msvcr100.dll
0x00000000626a0000 - 0x0000000062f4c000 	C:\Program Files\Java\jre1.8.0_241\bin\server\jvm.dll
0x00007ff8e23c0000 - 0x00007ff8e23c8000 	C:\WINDOWS\System32\PSAPI.DLL
0x00007ff8dcb20000 - 0x00007ff8dcb29000 	C:\WINDOWS\SYSTEM32\WSOCK32.dll
0x00007ff8db820000 - 0x00007ff8db82a000 	C:\WINDOWS\SYSTEM32\VERSION.dll
0x00007ff8d2560000 - 0x00007ff8d2584000 	C:\WINDOWS\SYSTEM32\WINMM.dll
0x00007ff8e1bd0000 - 0x00007ff8e1c3f000 	C:\WINDOWS\System32\WS2_32.dll
0x00007ff8d8b30000 - 0x00007ff8d8b5d000 	C:\WINDOWS\SYSTEM32\WINMMBASE.dll
0x00007ff8e0860000 - 0x00007ff8e08aa000 	C:\WINDOWS\System32\cfgmgr32.dll
0x00007ff8d4620000 - 0x00007ff8d462f000 	C:\Program Files\Java\jre1.8.0_241\bin\verify.dll
0x00007ff8c4ff0000 - 0x00007ff8c5019000 	C:\Program Files\Java\jre1.8.0_241\bin\java.dll
0x00007ff8c7970000 - 0x00007ff8c79a5000 	C:\Program Files\Java\jre1.8.0_241\bin\jdwp.dll
0x00007ff8d4060000 - 0x00007ff8d4068000 	C:\Program Files\Java\jre1.8.0_241\bin\npt.dll
0x00007ff8c7940000 - 0x00007ff8c7963000 	C:\Program Files\Java\jre1.8.0_241\bin\instrument.dll
0x00007ff8cb7d0000 - 0x00007ff8cb7e6000 	C:\Program Files\Java\jre1.8.0_241\bin\zip.dll
0x00007ff8e2840000 - 0x00007ff8e2f26000 	C:\WINDOWS\System32\SHELL32.dll
0x00007ff8e2f30000 - 0x00007ff8e2fd9000 	C:\WINDOWS\System32\shcore.dll
0x00007ff8e08e0000 - 0x00007ff8e1062000 	C:\WINDOWS\System32\windows.storage.dll
0x00007ff8dff30000 - 0x00007ff8dff53000 	C:\WINDOWS\System32\profapi.dll
0x00007ff8dfee0000 - 0x00007ff8dff2a000 	C:\WINDOWS\System32\powrprof.dll
0x00007ff8dfed0000 - 0x00007ff8dfee0000 	C:\WINDOWS\System32\UMPDC.dll
0x00007ff8e1640000 - 0x00007ff8e1692000 	C:\WINDOWS\System32\shlwapi.dll
0x00007ff8dff60000 - 0x00007ff8dff71000 	C:\WINDOWS\System32\kernel.appcore.dll
0x00007ff8e07a0000 - 0x00007ff8e07b7000 	C:\WINDOWS\System32\cryptsp.dll
0x00007ff8d4020000 - 0x00007ff8d4029000 	C:\Program Files\Java\jre1.8.0_241\bin\dt_socket.dll
0x00007ff8b5d60000 - 0x00007ff8b5d76000 	C:\WINDOWS\system32\napinsp.dll
0x00007ff8b5d40000 - 0x00007ff8b5d5a000 	C:\WINDOWS\system32\pnrpnsp.dll
0x00007ff8c5320000 - 0x00007ff8c5335000 	C:\WINDOWS\system32\wshbth.dll
0x00007ff8dbf90000 - 0x00007ff8dbfac000 	C:\WINDOWS\system32\NLAapi.dll
0x00007ff8df3f0000 - 0x00007ff8df42a000 	C:\WINDOWS\SYSTEM32\IPHLPAPI.DLL
0x00007ff8df6e0000 - 0x00007ff8df747000 	C:\WINDOWS\System32\mswsock.dll
0x00007ff8df430000 - 0x00007ff8df4fb000 	C:\WINDOWS\SYSTEM32\DNSAPI.dll
0x00007ff8e1970000 - 0x00007ff8e1978000 	C:\WINDOWS\System32\NSI.dll
0x00007ff8d43a0000 - 0x00007ff8d43ae000 	C:\WINDOWS\System32\winrnr.dll
0x00007ff8db000000 - 0x00007ff8db077000 	C:\WINDOWS\System32\fwpuclnt.dll
0x00007ff8e00f0000 - 0x00007ff8e0116000 	C:\WINDOWS\System32\bcrypt.dll
0x00007ff8d9cd0000 - 0x00007ff8d9cda000 	C:\Windows\System32\rasadhlp.dll
0x00007ff8c5b40000 - 0x00007ff8c5b5a000 	C:\Program Files\Java\jre1.8.0_241\bin\net.dll

VM Arguments:
jvm_args: -agentlib:jdwp=transport=dt_socket,suspend=y,address=localhost:51601 -javaagent:C:\Users\PC04\eclipse\java-2020-06\eclipse\configuration\org.eclipse.osgi\222\0\.cp\lib\javaagent-shaded.jar -Dfile.encoding=Cp1252 
java_command: Hotel_Management
java_class_path (initial): D:\clonesource\curriculum\day 2 - flowchart, variable , if ,switch\example\easy\Maria\bin;C:\Users\PC04\Downloads\mariadb-java-client-2.6.1.jar;C:\Users\PC04\eclipse\java-2020-06\eclipse\configuration\org.eclipse.osgi\222\0\.cp\lib\javaagent-shaded.jar
Launcher Type: SUN_STANDARD

Environment Variables:
JAVA_HOME=C:\Program Files\Java\jdk1.8.0_241
PATH=C:/Program Files/Java/jre1.8.0_241/bin/server;C:/Program Files/Java/jre1.8.0_241/bin;C:/Program Files/Java/jre1.8.0_241/lib/amd64;C:\Program Files (x86)\Common Files\Oracle\Java\javapath;C:\WINDOWS\system32;C:\WINDOWS;C:\WINDOWS\System32\Wbem;C:\WINDOWS\System32\WindowsPowerShell\v1.0\;C:\WINDOWS\System32\OpenSSH\;C:\Program Files\Git\cmd;C:\Users\PC04\AppData\Local\Microsoft\WindowsApps;C:\Program Files\Java\jdk1.8.0_241\bin;;C:\WINDOWS\System32;
USERNAME=PC04
OS=Windows_NT
PROCESSOR_IDENTIFIER=Intel64 Family 6 Model 158 Stepping 10, GenuineIntel



---------------  S Y S T E M  ---------------

OS: Windows 10.0 , 64 bit Build 18362 (10.0.18362.959)

CPU:total 12 (initial active 12) (6 cores per cpu, 2 threads per core) family 6 model 158 stepping 10, cmov, cx8, fxsr, mmx, sse, sse2, sse3, ssse3, sse4.1, sse4.2, popcnt, avx, avx2, aes, clmul, erms, rtm, 3dnowpref, lzcnt, ht, tsc, tscinvbit, bmi1, bmi2, adx

Memory: 4k page, physical 16646104k(9908380k free), swap 28519740k(3872268k free)

vm_info: Java HotSpot(TM) 64-Bit Server VM (25.241-b07) for windows-amd64 JRE (1.8.0_241-b07), built on Dec 11 2019 10:21:40 by "rejava" with MS VC++ 10.0 (VS2010)

time: Thu Jul 30 19:15:19 2020
timezone: SE Asia Standard Time
elapsed time: 485 seconds (0d 0h 8m 5s)

