#
# A fatal error has been detected by the Java Runtime Environment:
#
#  EXCEPTION_ACCESS_VIOLATION (0xc0000005) at pc=0x0000000056f2f783, pid=45836, tid=0x000000000000b4b4
#
# JRE version: Java(TM) SE Runtime Environment (8.0_181-b13) (build 1.8.0_181-b13)
# Java VM: Java HotSpot(TM) 64-Bit Server VM (25.181-b13 mixed mode windows-amd64 compressed oops)
# Problematic frame:
# V  [jvm.dll+0xff783]
#
# Failed to write core dump. Minidumps are not enabled by default on client versions of Windows
#
# If you would like to submit a bug report, please visit:
#   http://bugreport.java.com/bugreport/crash.jsp
#

---------------  T H R E A D  ---------------

Current thread (0x000000001dbd2800):  VMThread [stack: 0x000000001ec80000,0x000000001ed80000] [id=46260]

siginfo: ExceptionCode=0xc0000005, reading address 0x000000005863e0a1

Registers:
RAX=0x00000000000000f7, RBX=0x000000001ed7f0f0, RCX=0x000000001dbd2d00, RDX=0x0000000000000002
RSP=0x000000001ed7f080, RBP=0x000000001c2b1568, RSI=0x0000000001010101, RDI=0x00000000000000f7
R8 =0x0000000002926020, R9 =0x0000000000000003, R10=0x0000000000000003, R11=0x000000001c2b1568
R12=0x0000000056e30000, R13=0x000000001ed7f0d0, R14=0x0000000000000000, R15=0x0000000000000000
RIP=0x0000000056f2f783, EFLAGS=0x0000000000010216

Top of Stack: (sp=0x000000001ed7f080)
0x000000001ed7f080:   000000001ed7f0f0 000000001ed7f119
0x000000001ed7f090:   000000001ed7f0d0 000000001ed7f0d0
0x000000001ed7f0a0:   000000001c2b7230 0000000057005f43
0x000000001ed7f0b0:   000000001ed7f119 000000001ed7f0e0
0x000000001ed7f0c0:   00000000000000b6 000000001ed7f0d0
0x000000001ed7f0d0:   000000001c2b7230 000000001dbd2800
0x000000001ed7f0e0:   000000001c2b7230 000000001dbd2800
0x000000001ed7f0f0:   000000001c2b1b00 000000001dbd2800
0x000000001ed7f100:   0000069800000698 000000b600000948
0x000000001ed7f110:   0000000002a90000 00000000000000b6
0x000000001ed7f120:   000000001c2b7230 000000001dbd2800
0x000000001ed7f130:   0000069800000695 000000b600000948
0x000000001ed7f140:   000000001dbd0000 00000000000000b6
0x000000001ed7f150:   000000001c385d78 0000000000000010
0x000000001ed7f160:   0000000000000000 0000000000000002
0x000000001ed7f170:   000000001c2b1b00 0000000056ff38f4 

Instructions: (pc=0x0000000056f2f783)
0x0000000056f2f763:   0d 48 8b 0b 48 8b d0 e8 51 2e fb ff 8b f8 4c 8d
0x0000000056f2f773:   25 88 08 f0 ff 48 63 c7 49 63 b4 84 f0 db 7f 00
0x0000000056f2f783:   42 0f b6 8c 26 a0 df 7f 00 83 e1 0f 75 3d 44 0f
0x0000000056f2f793:   b6 4d 00 41 81 f9 ca 00 00 00 75 0e 48 8b 0b 48 


Register to memory mapping:

RAX=0x00000000000000f7 is an unknown value
RBX=0x000000001ed7f0f0 is an unknown value
RCX=0x000000001dbd2d00 is an unknown value
RDX=0x0000000000000002 is an unknown value
RSP=0x000000001ed7f080 is an unknown value
RBP=0x000000001c2b1568 is pointing into metadata
RSI=0x0000000001010101 is an unknown value
RDI=0x00000000000000f7 is an unknown value
R8 =0x0000000002926020 is an unknown value
R9 =0x0000000000000003 is an unknown value
R10=0x0000000000000003 is an unknown value
R11=0x000000001c2b1568 is pointing into metadata
R12=0x0000000056e30000 is an unknown value
R13=0x000000001ed7f0d0 is an unknown value
R14=0x0000000000000000 is an unknown value
R15=0x0000000000000000 is an unknown value


Stack: [0x000000001ec80000,0x000000001ed80000],  sp=0x000000001ed7f080,  free space=1020k
Native frames: (J=compiled Java code, j=interpreted, Vv=VM code, C=native code)
V  [jvm.dll+0xff783]
V  [jvm.dll+0x1d5f43]
V  [jvm.dll+0x1c38f4]
V  [jvm.dll+0x1c8a87]
V  [jvm.dll+0x1c8ffb]
V  [jvm.dll+0x24cc27]
V  [jvm.dll+0x24bec6]
V  [jvm.dll+0x24c361]
V  [jvm.dll+0x24c57e]
V  [jvm.dll+0x29e64a]
C  [msvcr100.dll+0x21d9f]
C  [msvcr100.dll+0x21e3b]
C  [KERNEL32.DLL+0x17bd4]
C  [ntdll.dll+0x6ce51]

VM_Operation (0x000000001f6bf810): RedefineClasses, mode: safepoint, requested by thread 0x000000001dc0a800, redefining class Dice.Main



---------------  P R O C E S S  ---------------

Java Threads: ( => current thread )
  0x000000001dd99800 JavaThread "Service Thread" daemon [_thread_blocked, id=292508, stack(0x000000001fcc0000,0x000000001fdc0000)]
  0x000000001dcf2800 JavaThread "C1 CompilerThread3" daemon [_thread_blocked, id=44748, stack(0x000000001fbc0000,0x000000001fcc0000)]
  0x000000001dcf2000 JavaThread "C2 CompilerThread2" daemon [_thread_blocked, id=44944, stack(0x000000001fac0000,0x000000001fbc0000)]
  0x000000001dcef000 JavaThread "C2 CompilerThread1" daemon [_thread_blocked, id=46792, stack(0x000000001f9c0000,0x000000001fac0000)]
  0x000000001dced800 JavaThread "C2 CompilerThread0" daemon [_thread_blocked, id=46640, stack(0x000000001f8c0000,0x000000001f9c0000)]
  0x000000001dc1c000 JavaThread "JDWP Command Reader" daemon [_thread_in_native, id=46648, stack(0x000000001f7c0000,0x000000001f8c0000)]
  0x000000001dc14800 JavaThread "JDWP Event Helper Thread" daemon [_thread_blocked, id=46644, stack(0x000000001f6c0000,0x000000001f7c0000)]
  0x000000001dc0a800 JavaThread "JDWP Transport Listener: dt_socket" daemon [_thread_blocked, id=46592, stack(0x000000001f5c0000,0x000000001f6c0000)]
  0x000000001dbfe000 JavaThread "Attach Listener" daemon [_thread_blocked, id=46224, stack(0x000000001f180000,0x000000001f280000)]
  0x000000001dbfc000 JavaThread "Signal Dispatcher" daemon [_thread_blocked, id=46512, stack(0x000000001f080000,0x000000001f180000)]
  0x000000001dbf3000 JavaThread "Finalizer" daemon [_thread_blocked, id=46256, stack(0x000000001ee80000,0x000000001ef80000)]
  0x0000000002929000 JavaThread "Reference Handler" daemon [_thread_blocked, id=47716, stack(0x000000001ed80000,0x000000001ee80000)]
  0x0000000002832800 JavaThread "main" [_thread_blocked, id=46280, stack(0x0000000002550000,0x0000000002650000)]

Other Threads:
=>0x000000001dbd2800 VMThread [stack: 0x000000001ec80000,0x000000001ed80000] [id=46260]
  0x000000001dd9d800 WatcherThread [stack: 0x000000001fdc0000,0x000000001fec0000] [id=46396]

VM state:at safepoint (normal execution)

VM Mutex/Monitor currently owned by a thread:  ([mutex/lock_event])
[0x000000000080db80] Threads_lock - owner thread: 0x000000001dbd2800

Heap:
 PSYoungGen      total 75776K, used 22266K [0x000000076b600000, 0x0000000770a80000, 0x00000007c0000000)
  eden space 65024K, 34% used [0x000000076b600000,0x000000076cbbeb60,0x000000076f580000)
  from space 10752K, 0% used [0x0000000770000000,0x0000000770000000,0x0000000770a80000)
  to   space 10752K, 0% used [0x000000076f580000,0x000000076f580000,0x0000000770000000)
 ParOldGen       total 173568K, used 0K [0x00000006c2200000, 0x00000006ccb80000, 0x000000076b600000)
  object space 173568K, 0% used [0x00000006c2200000,0x00000006c2200000,0x00000006ccb80000)
 Metaspace       used 8721K, capacity 8848K, committed 8960K, reserved 1056768K
  class space    used 918K, capacity 968K, committed 1024K, reserved 1048576K

Card table byte_map: [0x0000000011cf0000,0x00000000124e0000] byte_map_base: 0x000000000e6df000

Marking Bits: (ParMarkBitMap*) 0x0000000057652d00
 Begin Bits: [0x0000000013430000, 0x00000000173a8000)
 End Bits:   [0x00000000173a8000, 0x000000001b320000)

Polling page: 0x00000000003f0000

CodeCache: size=245760Kb used=1469Kb max_used=1469Kb free=244290Kb
 bounds [0x0000000002930000, 0x0000000002ba0000, 0x0000000011930000]
 total_blobs=538 nmethods=193 adapters=266
 compilation: enabled

Compilation events (10 events):
Event: 0.248 Thread 0x000000001dcf2800 nmethod 144 0x0000000002a8d190 code [0x0000000002a8d300, 0x0000000002a8d4e8]
Event: 0.248 Thread 0x000000001dcf2800  142       3       org.eclipse.jdt.launching.internal.org.objectweb.asm.SymbolTable::addConstantUtf8 (20 bytes)
Event: 0.248 Thread 0x000000001dcf2800 nmethod 142 0x0000000002a8c990 code [0x0000000002a8cb20, 0x0000000002a8cf48]
Event: 0.248 Thread 0x000000001dcf2800  145       3       java.lang.StringBuilder::<init> (7 bytes)
Event: 0.248 Thread 0x000000001dcf2800 nmethod 145 0x0000000002a94a10 code [0x0000000002a94b80, 0x0000000002a94e30]
Event: 0.248 Thread 0x000000001dcf2800  146       1       org.eclipse.jdt.launching.internal.org.objectweb.asm.SymbolTable::getMajorVersion (5 bytes)
Event: 0.249 Thread 0x000000001dcf2800 nmethod 146 0x0000000002a8c6d0 code [0x0000000002a8c820, 0x0000000002a8c930]
Event: 0.249 Thread 0x000000001dcf2800  147       1       java.security.ProtectionDomain::getCodeSource (5 bytes)
Event: 0.249 Thread 0x000000001dcf2800 nmethod 147 0x0000000002a94f50 code [0x0000000002a950a0, 0x0000000002a951b0]
Event: 0.249 Thread 0x000000001dcef000 nmethod 139 0x0000000002a98110 code [0x0000000002a98260, 0x0000000002a98558]

GC Heap History (0 events):
No events

Deoptimization events (0 events):
No events

Classes redefined (10 events):
Event: 374.699 Thread 0x000000001dbd2800 redefined class name=Dice.Main, count=6
Event: 398.663 Thread 0x000000001dbd2800 redefined class name=Dice.Main, count=7
Event: 439.093 Thread 0x000000001dbd2800 redefined class name=Dice.Main, count=8
Event: 463.975 Thread 0x000000001dbd2800 redefined class name=Dice.Users, count=1
Event: 690.734 Thread 0x000000001dbd2800 redefined class name=Dice.Main, count=9
Event: 699.537 Thread 0x000000001dbd2800 redefined class name=Dice.Main, count=10
Event: 1171.102 Thread 0x000000001dbd2800 redefined class name=Dice.Main, count=11
Event: 1199.457 Thread 0x000000001dbd2800 redefined class name=Dice.Main, count=12
Event: 1221.558 Thread 0x000000001dbd2800 redefined class name=Dice.Main, count=13
Event: 1231.361 Thread 0x000000001dbd2800 redefined class name=Dice.Main, count=14

Internal exceptions (10 events):
Event: 0.026 Thread 0x0000000002832800 Exception <a 'java/lang/NoSuchMethodError': Method sun.misc.Unsafe.defineClass(Ljava/lang/String;[BII)Ljava/lang/Class; name or signature does not match> (0x000000076b607cb0) thrown at [C:\re\workspace\8-2-build-windows-amd64-cygwin\jdk8u181\11358\hotspot
Event: 0.026 Thread 0x0000000002832800 Exception <a 'java/lang/NoSuchMethodError': Method sun.misc.Unsafe.prefetchRead(Ljava/lang/Object;J)V name or signature does not match> (0x000000076b607f98) thrown at [C:\re\workspace\8-2-build-windows-amd64-cygwin\jdk8u181\11358\hotspot\src\share\vm\prim
Event: 0.236 Thread 0x0000000002832800 Exception <a 'java/security/PrivilegedActionException'> (0x000000076bd17140) thrown at [C:\re\workspace\8-2-build-windows-amd64-cygwin\jdk8u181\11358\hotspot\src\share\vm\prims\jvm.cpp, line 1435]
Event: 0.236 Thread 0x0000000002832800 Exception <a 'java/security/PrivilegedActionException'> (0x000000076bd17538) thrown at [C:\re\workspace\8-2-build-windows-amd64-cygwin\jdk8u181\11358\hotspot\src\share\vm\prims\jvm.cpp, line 1435]
Event: 0.236 Thread 0x0000000002832800 Exception <a 'java/security/PrivilegedActionException'> (0x000000076bd1b668) thrown at [C:\re\workspace\8-2-build-windows-amd64-cygwin\jdk8u181\11358\hotspot\src\share\vm\prims\jvm.cpp, line 1435]
Event: 0.236 Thread 0x0000000002832800 Exception <a 'java/security/PrivilegedActionException'> (0x000000076bd1ba60) thrown at [C:\re\workspace\8-2-build-windows-amd64-cygwin\jdk8u181\11358\hotspot\src\share\vm\prims\jvm.cpp, line 1435]
Event: 11.203 Thread 0x0000000002832800 Exception <a 'java/lang/NoClassDefFoundError': com/sun/jna/Platform> (0x000000076c0c23f0) thrown at [C:\re\workspace\8-2-build-windows-amd64-cygwin\jdk8u181\11358\hotspot\src\share\vm\classfile\systemDictionary.cpp, line 199]
Event: 11.780 Thread 0x0000000002832800 Exception <a 'java/lang/NoSuchFieldError': method resolution failed> (0x000000076c1e5570) thrown at [C:\re\workspace\8-2-build-windows-amd64-cygwin\jdk8u181\11358\hotspot\src\share\vm\prims\methodHandles.cpp, line 1167]
Event: 11.830 Thread 0x0000000002832800 Exception <a 'java/lang/NoSuchFieldError': method resolution failed> (0x000000076c1f3160) thrown at [C:\re\workspace\8-2-build-windows-amd64-cygwin\jdk8u181\11358\hotspot\src\share\vm\prims\methodHandles.cpp, line 1167]
Event: 13.337 Thread 0x0000000002832800 Exception <a 'java/lang/NoClassDefFoundError': com/sun/jna/Platform> (0x000000076c6162a8) thrown at [C:\re\workspace\8-2-build-windows-amd64-cygwin\jdk8u181\11358\hotspot\src\share\vm\classfile\systemDictionary.cpp, line 199]

Events (10 events):
Event: 1231.370 Executing VM operation: ChangeBreakpoints done
Event: 1231.371 Executing VM operation: ChangeBreakpoints
Event: 1231.371 Executing VM operation: ChangeBreakpoints done
Event: 1231.372 Executing VM operation: ChangeBreakpoints
Event: 1231.372 Executing VM operation: ChangeBreakpoints done
Event: 1231.407 Executing VM operation: GetOwnedMonitorInfo
Event: 1231.407 Executing VM operation: GetOwnedMonitorInfo done
Event: 1231.408 Executing VM operation: GetCurrentContendedMonitor
Event: 1231.408 Executing VM operation: GetCurrentContendedMonitor done
Event: 1233.459 Executing VM operation: RedefineClasses


Dynamic libraries:
0x00007ff66aa30000 - 0x00007ff66aa67000 	C:\Program Files\Java\jre1.8.0_181\bin\javaw.exe
0x00007ff87e400000 - 0x00007ff87e5f0000 	C:\WINDOWS\SYSTEM32\ntdll.dll
0x00007ff87d130000 - 0x00007ff87d1e2000 	C:\WINDOWS\System32\KERNEL32.DLL
0x00007ff87ba40000 - 0x00007ff87bce4000 	C:\WINDOWS\System32\KERNELBASE.dll
0x00007ff87c510000 - 0x00007ff87c5b3000 	C:\WINDOWS\System32\ADVAPI32.dll
0x00007ff87d440000 - 0x00007ff87d4de000 	C:\WINDOWS\System32\msvcrt.dll
0x00007ff87d2d0000 - 0x00007ff87d367000 	C:\WINDOWS\System32\sechost.dll
0x00007ff87ca10000 - 0x00007ff87cb30000 	C:\WINDOWS\System32\RPCRT4.dll
0x00007ff87cda0000 - 0x00007ff87cf34000 	C:\WINDOWS\System32\USER32.dll
0x00007ff87b5f0000 - 0x00007ff87b611000 	C:\WINDOWS\System32\win32u.dll
0x00007ff87e320000 - 0x00007ff87e346000 	C:\WINDOWS\System32\GDI32.dll
0x00007ff87b840000 - 0x00007ff87b9d6000 	C:\WINDOWS\System32\gdi32full.dll
0x00007ff87b400000 - 0x00007ff87b49e000 	C:\WINDOWS\System32\msvcp_win.dll
0x00007ff87b4f0000 - 0x00007ff87b5ea000 	C:\WINDOWS\System32\ucrtbase.dll
0x00007ff870130000 - 0x00007ff8703b4000 	C:\WINDOWS\WinSxS\amd64_microsoft.windows.common-controls_6595b64144ccf1df_6.0.18362.959_none_e6c7bbbf130c62bb\COMCTL32.dll
0x00007ff87c620000 - 0x00007ff87c955000 	C:\WINDOWS\System32\combase.dll
0x00007ff87b380000 - 0x00007ff87b400000 	C:\WINDOWS\System32\bcryptPrimitives.dll
0x00007ff87dbd0000 - 0x00007ff87dbfe000 	C:\WINDOWS\System32\IMM32.DLL
0x0000000056d50000 - 0x0000000056e22000 	C:\Program Files\Java\jre1.8.0_181\bin\msvcr100.dll
0x0000000056e30000 - 0x00000000576d2000 	C:\Program Files\Java\jre1.8.0_181\bin\server\jvm.dll
0x00007ff87cf40000 - 0x00007ff87cf48000 	C:\WINDOWS\System32\PSAPI.DLL
0x00007ff875da0000 - 0x00007ff875da9000 	C:\WINDOWS\SYSTEM32\WSOCK32.dll
0x00007ff86d430000 - 0x00007ff86d454000 	C:\WINDOWS\SYSTEM32\WINMM.dll
0x00007ff876f50000 - 0x00007ff876f5a000 	C:\WINDOWS\SYSTEM32\VERSION.dll
0x00007ff87e350000 - 0x00007ff87e3bf000 	C:\WINDOWS\System32\WS2_32.dll
0x00007ff86d400000 - 0x00007ff86d42d000 	C:\WINDOWS\SYSTEM32\winmmbase.dll
0x00007ff87b4a0000 - 0x00007ff87b4ea000 	C:\WINDOWS\System32\cfgmgr32.dll
0x0000000056d40000 - 0x0000000056d4f000 	C:\Program Files\Java\jre1.8.0_181\bin\verify.dll
0x0000000056d10000 - 0x0000000056d39000 	C:\Program Files\Java\jre1.8.0_181\bin\java.dll
0x0000000056c30000 - 0x0000000056c65000 	C:\Program Files\Java\jre1.8.0_181\bin\jdwp.dll
0x0000000056c20000 - 0x0000000056c28000 	C:\Program Files\Java\jre1.8.0_181\bin\npt.dll
0x0000000056bf0000 - 0x0000000056c13000 	C:\Program Files\Java\jre1.8.0_181\bin\instrument.dll
0x0000000056cf0000 - 0x0000000056d06000 	C:\Program Files\Java\jre1.8.0_181\bin\zip.dll
0x00007ff87d4e0000 - 0x00007ff87dbc6000 	C:\WINDOWS\System32\SHELL32.dll
0x00007ff87c960000 - 0x00007ff87ca09000 	C:\WINDOWS\System32\shcore.dll
0x00007ff87bd20000 - 0x00007ff87c4a2000 	C:\WINDOWS\System32\windows.storage.dll
0x00007ff87b2e0000 - 0x00007ff87b303000 	C:\WINDOWS\System32\profapi.dll
0x00007ff87b310000 - 0x00007ff87b35a000 	C:\WINDOWS\System32\powrprof.dll
0x00007ff87b2b0000 - 0x00007ff87b2c0000 	C:\WINDOWS\System32\UMPDC.dll
0x00007ff87dc00000 - 0x00007ff87dc52000 	C:\WINDOWS\System32\shlwapi.dll
0x00007ff87b360000 - 0x00007ff87b371000 	C:\WINDOWS\System32\kernel.appcore.dll
0x00007ff87b6d0000 - 0x00007ff87b6e7000 	C:\WINDOWS\System32\cryptsp.dll
0x0000000056be0000 - 0x0000000056be9000 	C:\Program Files\Java\jre1.8.0_181\bin\dt_socket.dll
0x00007ff868a90000 - 0x00007ff868aa6000 	C:\WINDOWS\system32\napinsp.dll
0x00007ff863350000 - 0x00007ff86336a000 	C:\WINDOWS\system32\pnrpnsp.dll
0x00007ff85f290000 - 0x00007ff85f2a5000 	C:\WINDOWS\system32\wshbth.dll
0x00007ff8774e0000 - 0x00007ff8774fc000 	C:\WINDOWS\system32\NLAapi.dll
0x00007ff87a7d0000 - 0x00007ff87a80a000 	C:\WINDOWS\SYSTEM32\IPHLPAPI.DLL
0x00007ff87aac0000 - 0x00007ff87ab27000 	C:\WINDOWS\System32\mswsock.dll
0x00007ff87a810000 - 0x00007ff87a8db000 	C:\WINDOWS\SYSTEM32\DNSAPI.dll
0x00007ff87cb30000 - 0x00007ff87cb38000 	C:\WINDOWS\System32\NSI.dll
0x00007ff86d170000 - 0x00007ff86d17e000 	C:\WINDOWS\System32\winrnr.dll
0x00007ff8766a0000 - 0x00007ff876717000 	C:\WINDOWS\System32\fwpuclnt.dll
0x00007ff87bcf0000 - 0x00007ff87bd16000 	C:\WINDOWS\System32\bcrypt.dll
0x00007ff8754d0000 - 0x00007ff8754da000 	C:\Windows\System32\rasadhlp.dll
0x0000000056cd0000 - 0x0000000056cea000 	C:\Program Files\Java\jre1.8.0_181\bin\net.dll
0x00007ff876f60000 - 0x00007ff877154000 	C:\WINDOWS\SYSTEM32\dbghelp.dll

VM Arguments:
jvm_args: -agentlib:jdwp=transport=dt_socket,suspend=y,address=localhost:62989 -Duser.language=en -Duser.country=US -javaagent:C:\Users\PC13\eclipse\java-2020-06\eclipse\configuration\org.eclipse.osgi\222\0\.cp\lib\javaagent-shaded.jar -Dfile.encoding=Cp1252 
java_command: Dice.Main
java_class_path (initial): D:\NTThai\KITS-03\JAVA\Dice\bin;C:\Users\PC13\Documents\mariadb-java-client-2.6.1.jar;C:\Users\PC13\eclipse\java-2020-06\eclipse\configuration\org.eclipse.osgi\222\0\.cp\lib\javaagent-shaded.jar
Launcher Type: SUN_STANDARD

Environment Variables:
PATH=C:/Program Files/Java/jre1.8.0_181/bin/server;C:/Program Files/Java/jre1.8.0_181/bin;C:/Program Files/Java/jre1.8.0_181/lib/amd64;C:\Program Files (x86)\Common Files\Oracle\Java\javapath;C:\WINDOWS\system32;C:\WINDOWS;C:\WINDOWS\System32\Wbem;C:\WINDOWS\System32\WindowsPowerShell\v1.0\;C:\WINDOWS\System32\OpenSSH\;C:\Program Files\Git\cmd;C:\Program Files\nodejs\;C:\Users\PC13\AppData\Local\Microsoft\WindowsApps;;C:\Users\PC13\AppData\Local\Programs\Microsoft VS Code\bin;C:\Users\PC13\AppData\Roaming\npm;C:\WINDOWS\System32;
USERNAME=PC13
OS=Windows_NT
PROCESSOR_IDENTIFIER=Intel64 Family 6 Model 158 Stepping 10, GenuineIntel



---------------  S Y S T E M  ---------------

OS: Windows 10.0 , 64 bit Build 18362 (10.0.18362.959)

CPU:total 12 (initial active 12) (6 cores per cpu, 2 threads per core) family 6 model 158 stepping 10, cmov, cx8, fxsr, mmx, sse, sse2, sse3, ssse3, sse4.1, sse4.2, popcnt, avx, avx2, aes, clmul, erms, rtm, 3dnowpref, lzcnt, ht, tsc, tscinvbit, bmi1, bmi2, adx

Memory: 4k page, physical 16636860k(10610936k free), swap 28691448k(3429836k free)

vm_info: Java HotSpot(TM) 64-Bit Server VM (25.181-b13) for windows-amd64 JRE (1.8.0_181-b13), built on Jul  7 2018 04:01:33 by "java_re" with MS VC++ 10.0 (VS2010)

time: Tue Jul 28 11:28:13 2020
elapsed time: 1233 seconds (0d 0h 20m 33s)

